0 info it worked if it ends with ok
1 verbose cli [ 'C:\\Program Files (x86)\\Microsoft Visual Studio\\2017\\Community\\Web\\External\\Node.exe',
1 verbose cli   'C:\\Program Files (x86)\\Microsoft Visual Studio\\2017\\Community\\Web\\External\\node_modules\\npm\\bin\\npm-cli.js',
1 verbose cli   'install' ]
2 info using npm@3.3.4
3 info using node@v5.4.1
4 silly loadCurrentTree Starting
5 silly install loadCurrentTree
6 silly install readLocalPackageData
7 silly install normalizeTree
8 silly loadCurrentTree Finishing
9 silly loadIdealTree Starting
10 silly install loadIdealTree
11 silly cloneCurrentTree Starting
12 silly install cloneCurrentTreeToIdealTree
13 silly cloneCurrentTree Finishing
14 silly loadShrinkwrap Starting
15 silly install loadShrinkwrap
16 silly loadShrinkwrap Finishing
17 silly loadAllDepsIntoIdealTree Starting
18 silly install loadAllDepsIntoIdealTree
19 silly fetchNamedPackageData firebase
20 silly mapToRegistry name firebase
21 silly mapToRegistry using default registry
22 silly mapToRegistry registry https://registry.npmjs.org/
23 silly mapToRegistry uri https://registry.npmjs.org/firebase
24 verbose request uri https://registry.npmjs.org/firebase
25 verbose request no auth needed
26 info attempt registry request try #1 at 10:40:47 PM
27 verbose request id 20cb1884270dc4fe
28 http request GET https://registry.npmjs.org/firebase
29 http 200 https://registry.npmjs.org/firebase
30 verbose headers { 'content-type': 'application/json; charset=UTF-8',
30 verbose headers   server: 'AmazonS3',
30 verbose headers   'cache-control': 'max-age=300',
30 verbose headers   'last-modified': 'Thu, 29 Mar 2018 0:00:51 GMT',
30 verbose headers   etag: '"5abc2cb3-bdc0c"',
30 verbose headers   'x-npm-region': 'US-West',
30 verbose headers   'content-encoding': 'gzip',
30 verbose headers   'content-length': '39979',
30 verbose headers   'accept-ranges': 'bytes',
30 verbose headers   date: 'Thu, 29 Mar 2018 04:40:47 GMT',
30 verbose headers   via: '1.1 varnish',
30 verbose headers   age: '2282',
30 verbose headers   connection: 'keep-alive',
30 verbose headers   'x-served-by': 'cache-sea1046-SEA',
30 verbose headers   'x-cache': 'HIT',
30 verbose headers   'x-cache-hits': '2',
30 verbose headers   'x-timer': 'S1522298447.441018,VS0,VE0',
30 verbose headers   vary: 'Accept-Encoding, Accept' }
31 silly get cb [ 200,
31 silly get   { 'content-type': 'application/json; charset=UTF-8',
31 silly get     server: 'AmazonS3',
31 silly get     'cache-control': 'max-age=300',
31 silly get     'last-modified': 'Thu, 29 Mar 2018 0:00:51 GMT',
31 silly get     etag: '"5abc2cb3-bdc0c"',
31 silly get     'x-npm-region': 'US-West',
31 silly get     'content-encoding': 'gzip',
31 silly get     'content-length': '39979',
31 silly get     'accept-ranges': 'bytes',
31 silly get     date: 'Thu, 29 Mar 2018 04:40:47 GMT',
31 silly get     via: '1.1 varnish',
31 silly get     age: '2282',
31 silly get     connection: 'keep-alive',
31 silly get     'x-served-by': 'cache-sea1046-SEA',
31 silly get     'x-cache': 'HIT',
31 silly get     'x-cache-hits': '2',
31 silly get     'x-timer': 'S1522298447.441018,VS0,VE0',
31 silly get     vary: 'Accept-Encoding, Accept' } ]
32 verbose get saving firebase to C:\Users\drhan\AppData\Roaming\npm-cache\registry.npmjs.org\firebase\.cache.json
33 silly fetchPackageMetaData Error: No compatible version found: firebase@^5.7.1
33 silly fetchPackageMetaData Valid install targets:
33 silly fetchPackageMetaData ["4.12.1-1","4.12.1-0","4.12.0","4.12.0-canary.faa54d8","4.12.0-canary.dd86fc7","4.12.0-canary.d90beab","4.12.0-canary.bb93e47","4.12.0-canary.babd759","4.12.0-canary.ac4dac3","4.12.0-canary.ab0faeb","4.12.0-canary.a538b83","4.12.0-canary.8a10e7c","4.12.0-canary.84896ec","4.12.0-canary.563e048","4.12.0-canary.3259004","4.12.0-0","4.11.0","4.11.0-canary.df183a5","4.11.0-canary.d59b7249","4.11.0-canary.d59b724","4.11.0-canary.d3ec2e0","4.11.0-canary.c25e7a1","4.11.0-canary.bf7a221","4.11.0-canary.b949d81","4.11.0-canary.9d00c6f","4.11.0-canary.908227c","4.11.0-canary.786082d","4.11.0-canary.6aed77a","4.11.0-canary.69c9a97","4.11.0-canary.1b3ba41","4.11.0-canary.0c5cbe0","4.11.0-0","4.10.1","4.10.1-canary.fbb2aab","4.10.1-canary.dbed689","4.10.1-canary.aba869c","4.10.1-canary.a0583f7","4.10.1-canary.9cda9c9","4.10.1-canary.7681d03","4.10.1-canary.3d6289d","4.10.1-canary.121c167","4.10.1-canary.0fa319e","4.10.1-canary.03d224f","4.10.1-2","4.10.1-1","4.10.1-0","4.10.0","4.10.0-canary.e784110","4.10.0-canary.dbe5fff","4.10.0-canary.cde4e44","4.10.0-canary.b6b4e2f","4.10.0-canary.3ee5bdf","4.10.0-canary.3aec5ac","4.10.0-canary.2e147ff","4.10.0-canary.0226ed2","4.10.0-0","4.9.1","4.9.1-canary.fce4168","4.9.1-canary.f173ad0","4.9.1-canary.db389db","4.9.1-canary.a1e346f","4.9.1-canary.7a611b6","4.9.1-canary.631e1ad","4.9.1-canary.515eff7","4.9.1-canary.49dcb25","4.9.1-canary.453677f","4.9.1-canary.2db58a0","4.9.1-canary.2cacc75","4.9.1-0","4.9.0","4.9.0-canary.fcc77c2","4.9.0-canary.fca1076","4.9.0-canary.c647fe4","4.9.0-canary.bcc8983","4.9.0-canary.9fb3c4c","4.9.0-canary.8f76c28","4.9.0-canary.81d6b1e","4.9.0-2","4.9.0-1","4.8.2","4.8.2-0","4.8.1","4.8.0","4.7.0","4.6.2","4.6.1","4.6.0","4.5.2","4.5.1","4.5.0","4.4.0","4.3.1","4.3.0","4.2.0","4.1.5","4.1.4","4.1.3","4.1.2","4.1.1","4.1.0","4.0.0","3.9.0","3.8.0","3.7.8","3.7.7","3.7.6","3.7.5","3.7.4","3.7.3","3.7.2","3.7.1","3.7.0","3.6.10","3.6.9","3.6.8","3.6.7","3.6.6","3.6.5","3.6.4","3.6.3","3.6.2","3.6.1","3.6.0","3.5.3","3.5.2","3.5.1","3.5.0","3.4.1","3.4.0","3.3.2","3.3.1","3.3.0","3.2.1","3.2.0","3.1.0","3.0.5","3.0.4","3.0.3","3.0.2","3.0.1","3.0.0","2.4.2","2.4.1","2.4.0","2.3.2","2.3.1","2.3.0","2.2.9","2.2.8","2.2.7","2.2.6","2.2.5","2.2.4","2.2.3","2.2.2","2.2.1","2.2.0","2.1.2","2.1.1","2.1.0","2.0.6","2.0.5","2.0.4","2.0.3","2.0.2","2.0.1","2.0.0","1.2.0","1.2.0-beta.1-0","1.2.0-beta.3","1.2.0-beta.2","1.1.3","1.1.2","1.1.1","1.1.0","1.0.24","1.0.23","1.0.21","1.0.20","1.0.19","1.0.18","1.0.17","1.0.15","1.0.15-3","1.0.15-2","1.0.14","1.0.13","1.0.12","1.0.11","1.0.10","1.0.10-2","1.0.5","1.0.4","1.0.3","1.0.2","1.0.1","1.0.1-npm","0.6.22","0.6.21","0.6.19","0.6.17","0.6.16","0.6.15","0.6.14","0.6.11","0.6.10","0.6.9","0.6.8","0.6.7","0.6.6","0.6.5","0.6.4","0.6.3","0.6.2","0.6.1","0.6.0","0.5.4","0.5.3","0.5.2","0.5.1","0.5.0","0.0.0"]
33 silly fetchPackageMetaData
33 silly fetchPackageMetaData     at pickVersionFromRegistryDocument (C:\Program Files (x86)\Microsoft Visual Studio\2017\Community\Web\External\node_modules\npm\lib\fetch-package-metadata.js:146:16)
33 silly fetchPackageMetaData     at C:\Program Files (x86)\Microsoft Visual Studio\2017\Community\Web\External\node_modules\iferr\index.js:13:50
33 silly fetchPackageMetaData     at C:\Program Files (x86)\Microsoft Visual Studio\2017\Community\Web\External\node_modules\npm\lib\utils\pulse-till-done.js:19:8
33 silly fetchPackageMetaData     at saved (C:\Program Files (x86)\Microsoft Visual Studio\2017\Community\Web\External\node_modules\npm\lib\cache\caching-client.js:168:7)
33 silly fetchPackageMetaData     at C:\Program Files (x86)\Microsoft Visual Studio\2017\Community\Web\External\node_modules\npm\node_modules\graceful-fs\polyfills.js:210:7
33 silly fetchPackageMetaData     at FSReqWrap.oncomplete (fs.js:82:15)
33 silly fetchPackageMetaData  error for firebase@^5.7.1 [Error: No compatible version found: firebase@^5.7.1
33 silly fetchPackageMetaData Valid install targets:
33 silly fetchPackageMetaData ["4.12.1-1","4.12.1-0","4.12.0","4.12.0-canary.faa54d8","4.12.0-canary.dd86fc7","4.12.0-canary.d90beab","4.12.0-canary.bb93e47","4.12.0-canary.babd759","4.12.0-canary.ac4dac3","4.12.0-canary.ab0faeb","4.12.0-canary.a538b83","4.12.0-canary.8a10e7c","4.12.0-canary.84896ec","4.12.0-canary.563e048","4.12.0-canary.3259004","4.12.0-0","4.11.0","4.11.0-canary.df183a5","4.11.0-canary.d59b7249","4.11.0-canary.d59b724","4.11.0-canary.d3ec2e0","4.11.0-canary.c25e7a1","4.11.0-canary.bf7a221","4.11.0-canary.b949d81","4.11.0-canary.9d00c6f","4.11.0-canary.908227c","4.11.0-canary.786082d","4.11.0-canary.6aed77a","4.11.0-canary.69c9a97","4.11.0-canary.1b3ba41","4.11.0-canary.0c5cbe0","4.11.0-0","4.10.1","4.10.1-canary.fbb2aab","4.10.1-canary.dbed689","4.10.1-canary.aba869c","4.10.1-canary.a0583f7","4.10.1-canary.9cda9c9","4.10.1-canary.7681d03","4.10.1-canary.3d6289d","4.10.1-canary.121c167","4.10.1-canary.0fa319e","4.10.1-canary.03d224f","4.10.1-2","4.10.1-1","4.10.1-0","4.10.0","4.10.0-canary.e784110","4.10.0-canary.dbe5fff","4.10.0-canary.cde4e44","4.10.0-canary.b6b4e2f","4.10.0-canary.3ee5bdf","4.10.0-canary.3aec5ac","4.10.0-canary.2e147ff","4.10.0-canary.0226ed2","4.10.0-0","4.9.1","4.9.1-canary.fce4168","4.9.1-canary.f173ad0","4.9.1-canary.db389db","4.9.1-canary.a1e346f","4.9.1-canary.7a611b6","4.9.1-canary.631e1ad","4.9.1-canary.515eff7","4.9.1-canary.49dcb25","4.9.1-canary.453677f","4.9.1-canary.2db58a0","4.9.1-canary.2cacc75","4.9.1-0","4.9.0","4.9.0-canary.fcc77c2","4.9.0-canary.fca1076","4.9.0-canary.c647fe4","4.9.0-canary.bcc8983","4.9.0-canary.9fb3c4c","4.9.0-canary.8f76c28","4.9.0-canary.81d6b1e","4.9.0-2","4.9.0-1","4.8.2","4.8.2-0","4.8.1","4.8.0","4.7.0","4.6.2","4.6.1","4.6.0","4.5.2","4.5.1","4.5.0","4.4.0","4.3.1","4.3.0","4.2.0","4.1.5","4.1.4","4.1.3","4.1.2","4.1.1","4.1.0","4.0.0","3.9.0","3.8.0","3.7.8","3.7.7","3.7.6","3.7.5","3.7.4","3.7.3","3.7.2","3.7.1","3.7.0","3.6.10","3.6.9","3.6.8","3.6.7","3.6.6","3.6.5","3.6.4","3.6.3","3.6.2","3.6.1","3.6.0","3.5.3","3.5.2","3.5.1","3.5.0","3.4.1","3.4.0","3.3.2","3.3.1","3.3.0","3.2.1","3.2.0","3.1.0","3.0.5","3.0.4","3.0.3","3.0.2","3.0.1","3.0.0","2.4.2","2.4.1","2.4.0","2.3.2","2.3.1","2.3.0","2.2.9","2.2.8","2.2.7","2.2.6","2.2.5","2.2.4","2.2.3","2.2.2","2.2.1","2.2.0","2.1.2","2.1.1","2.1.0","2.0.6","2.0.5","2.0.4","2.0.3","2.0.2","2.0.1","2.0.0","1.2.0","1.2.0-beta.1-0","1.2.0-beta.3","1.2.0-beta.2","1.1.3","1.1.2","1.1.1","1.1.0","1.0.24","1.0.23","1.0.21","1.0.20","1.0.19","1.0.18","1.0.17","1.0.15","1.0.15-3","1.0.15-2","1.0.14","1.0.13","1.0.12","1.0.11","1.0.10","1.0.10-2","1.0.5","1.0.4","1.0.3","1.0.2","1.0.1","1.0.1-npm","0.6.22","0.6.21","0.6.19","0.6.17","0.6.16","0.6.15","0.6.14","0.6.11","0.6.10","0.6.9","0.6.8","0.6.7","0.6.6","0.6.5","0.6.4","0.6.3","0.6.2","0.6.1","0.6.0","0.5.4","0.5.3","0.5.2","0.5.1","0.5.0","0.0.0"]
33 silly fetchPackageMetaData ]
34 silly rollbackFailedOptional Starting
35 silly rollbackFailedOptional Finishing
36 silly runTopLevelLifecycles Starting
37 silly runTopLevelLifecycles Finishing
38 silly install printInstalled
39 verbose stack Error: No compatible version found: firebase@^5.7.1
39 verbose stack Valid install targets:
39 verbose stack ["4.12.1-1","4.12.1-0","4.12.0","4.12.0-canary.faa54d8","4.12.0-canary.dd86fc7","4.12.0-canary.d90beab","4.12.0-canary.bb93e47","4.12.0-canary.babd759","4.12.0-canary.ac4dac3","4.12.0-canary.ab0faeb","4.12.0-canary.a538b83","4.12.0-canary.8a10e7c","4.12.0-canary.84896ec","4.12.0-canary.563e048","4.12.0-canary.3259004","4.12.0-0","4.11.0","4.11.0-canary.df183a5","4.11.0-canary.d59b7249","4.11.0-canary.d59b724","4.11.0-canary.d3ec2e0","4.11.0-canary.c25e7a1","4.11.0-canary.bf7a221","4.11.0-canary.b949d81","4.11.0-canary.9d00c6f","4.11.0-canary.908227c","4.11.0-canary.786082d","4.11.0-canary.6aed77a","4.11.0-canary.69c9a97","4.11.0-canary.1b3ba41","4.11.0-canary.0c5cbe0","4.11.0-0","4.10.1","4.10.1-canary.fbb2aab","4.10.1-canary.dbed689","4.10.1-canary.aba869c","4.10.1-canary.a0583f7","4.10.1-canary.9cda9c9","4.10.1-canary.7681d03","4.10.1-canary.3d6289d","4.10.1-canary.121c167","4.10.1-canary.0fa319e","4.10.1-canary.03d224f","4.10.1-2","4.10.1-1","4.10.1-0","4.10.0","4.10.0-canary.e784110","4.10.0-canary.dbe5fff","4.10.0-canary.cde4e44","4.10.0-canary.b6b4e2f","4.10.0-canary.3ee5bdf","4.10.0-canary.3aec5ac","4.10.0-canary.2e147ff","4.10.0-canary.0226ed2","4.10.0-0","4.9.1","4.9.1-canary.fce4168","4.9.1-canary.f173ad0","4.9.1-canary.db389db","4.9.1-canary.a1e346f","4.9.1-canary.7a611b6","4.9.1-canary.631e1ad","4.9.1-canary.515eff7","4.9.1-canary.49dcb25","4.9.1-canary.453677f","4.9.1-canary.2db58a0","4.9.1-canary.2cacc75","4.9.1-0","4.9.0","4.9.0-canary.fcc77c2","4.9.0-canary.fca1076","4.9.0-canary.c647fe4","4.9.0-canary.bcc8983","4.9.0-canary.9fb3c4c","4.9.0-canary.8f76c28","4.9.0-canary.81d6b1e","4.9.0-2","4.9.0-1","4.8.2","4.8.2-0","4.8.1","4.8.0","4.7.0","4.6.2","4.6.1","4.6.0","4.5.2","4.5.1","4.5.0","4.4.0","4.3.1","4.3.0","4.2.0","4.1.5","4.1.4","4.1.3","4.1.2","4.1.1","4.1.0","4.0.0","3.9.0","3.8.0","3.7.8","3.7.7","3.7.6","3.7.5","3.7.4","3.7.3","3.7.2","3.7.1","3.7.0","3.6.10","3.6.9","3.6.8","3.6.7","3.6.6","3.6.5","3.6.4","3.6.3","3.6.2","3.6.1","3.6.0","3.5.3","3.5.2","3.5.1","3.5.0","3.4.1","3.4.0","3.3.2","3.3.1","3.3.0","3.2.1","3.2.0","3.1.0","3.0.5","3.0.4","3.0.3","3.0.2","3.0.1","3.0.0","2.4.2","2.4.1","2.4.0","2.3.2","2.3.1","2.3.0","2.2.9","2.2.8","2.2.7","2.2.6","2.2.5","2.2.4","2.2.3","2.2.2","2.2.1","2.2.0","2.1.2","2.1.1","2.1.0","2.0.6","2.0.5","2.0.4","2.0.3","2.0.2","2.0.1","2.0.0","1.2.0","1.2.0-beta.1-0","1.2.0-beta.3","1.2.0-beta.2","1.1.3","1.1.2","1.1.1","1.1.0","1.0.24","1.0.23","1.0.21","1.0.20","1.0.19","1.0.18","1.0.17","1.0.15","1.0.15-3","1.0.15-2","1.0.14","1.0.13","1.0.12","1.0.11","1.0.10","1.0.10-2","1.0.5","1.0.4","1.0.3","1.0.2","1.0.1","1.0.1-npm","0.6.22","0.6.21","0.6.19","0.6.17","0.6.16","0.6.15","0.6.14","0.6.11","0.6.10","0.6.9","0.6.8","0.6.7","0.6.6","0.6.5","0.6.4","0.6.3","0.6.2","0.6.1","0.6.0","0.5.4","0.5.3","0.5.2","0.5.1","0.5.0","0.0.0"]
39 verbose stack
39 verbose stack     at pickVersionFromRegistryDocument (C:\Program Files (x86)\Microsoft Visual Studio\2017\Community\Web\External\node_modules\npm\lib\fetch-package-metadata.js:146:16)
39 verbose stack     at C:\Program Files (x86)\Microsoft Visual Studio\2017\Community\Web\External\node_modules\iferr\index.js:13:50
39 verbose stack     at C:\Program Files (x86)\Microsoft Visual Studio\2017\Community\Web\External\node_modules\npm\lib\utils\pulse-till-done.js:19:8
39 verbose stack     at saved (C:\Program Files (x86)\Microsoft Visual Studio\2017\Community\Web\External\node_modules\npm\lib\cache\caching-client.js:168:7)
39 verbose stack     at C:\Program Files (x86)\Microsoft Visual Studio\2017\Community\Web\External\node_modules\npm\node_modules\graceful-fs\polyfills.js:210:7
39 verbose stack     at FSReqWrap.oncomplete (fs.js:82:15)
40 verbose cwd C:\Users\drhan\Desktop\CS313\hhn\hhn-node
41 error Windows_NT 10.0.16299
42 error argv "C:\\Program Files (x86)\\Microsoft Visual Studio\\2017\\Community\\Web\\External\\Node.exe" "C:\\Program Files (x86)\\Microsoft Visual Studio\\2017\\Community\\Web\\External\\node_modules\\npm\\bin\\npm-cli.js" "install"
43 error node v5.4.1
44 error npm  v3.3.4
45 error No compatible version found: firebase@^5.7.1
45 error Valid install targets:
45 error ["4.12.1-1","4.12.1-0","4.12.0","4.12.0-canary.faa54d8","4.12.0-canary.dd86fc7","4.12.0-canary.d90beab","4.12.0-canary.bb93e47","4.12.0-canary.babd759","4.12.0-canary.ac4dac3","4.12.0-canary.ab0faeb","4.12.0-canary.a538b83","4.12.0-canary.8a10e7c","4.12.0-canary.84896ec","4.12.0-canary.563e048","4.12.0-canary.3259004","4.12.0-0","4.11.0","4.11.0-canary.df183a5","4.11.0-canary.d59b7249","4.11.0-canary.d59b724","4.11.0-canary.d3ec2e0","4.11.0-canary.c25e7a1","4.11.0-canary.bf7a221","4.11.0-canary.b949d81","4.11.0-canary.9d00c6f","4.11.0-canary.908227c","4.11.0-canary.786082d","4.11.0-canary.6aed77a","4.11.0-canary.69c9a97","4.11.0-canary.1b3ba41","4.11.0-canary.0c5cbe0","4.11.0-0","4.10.1","4.10.1-canary.fbb2aab","4.10.1-canary.dbed689","4.10.1-canary.aba869c","4.10.1-canary.a0583f7","4.10.1-canary.9cda9c9","4.10.1-canary.7681d03","4.10.1-canary.3d6289d","4.10.1-canary.121c167","4.10.1-canary.0fa319e","4.10.1-canary.03d224f","4.10.1-2","4.10.1-1","4.10.1-0","4.10.0","4.10.0-canary.e784110","4.10.0-canary.dbe5fff","4.10.0-canary.cde4e44","4.10.0-canary.b6b4e2f","4.10.0-canary.3ee5bdf","4.10.0-canary.3aec5ac","4.10.0-canary.2e147ff","4.10.0-canary.0226ed2","4.10.0-0","4.9.1","4.9.1-canary.fce4168","4.9.1-canary.f173ad0","4.9.1-canary.db389db","4.9.1-canary.a1e346f","4.9.1-canary.7a611b6","4.9.1-canary.631e1ad","4.9.1-canary.515eff7","4.9.1-canary.49dcb25","4.9.1-canary.453677f","4.9.1-canary.2db58a0","4.9.1-canary.2cacc75","4.9.1-0","4.9.0","4.9.0-canary.fcc77c2","4.9.0-canary.fca1076","4.9.0-canary.c647fe4","4.9.0-canary.bcc8983","4.9.0-canary.9fb3c4c","4.9.0-canary.8f76c28","4.9.0-canary.81d6b1e","4.9.0-2","4.9.0-1","4.8.2","4.8.2-0","4.8.1","4.8.0","4.7.0","4.6.2","4.6.1","4.6.0","4.5.2","4.5.1","4.5.0","4.4.0","4.3.1","4.3.0","4.2.0","4.1.5","4.1.4","4.1.3","4.1.2","4.1.1","4.1.0","4.0.0","3.9.0","3.8.0","3.7.8","3.7.7","3.7.6","3.7.5","3.7.4","3.7.3","3.7.2","3.7.1","3.7.0","3.6.10","3.6.9","3.6.8","3.6.7","3.6.6","3.6.5","3.6.4","3.6.3","3.6.2","3.6.1","3.6.0","3.5.3","3.5.2","3.5.1","3.5.0","3.4.1","3.4.0","3.3.2","3.3.1","3.3.0","3.2.1","3.2.0","3.1.0","3.0.5","3.0.4","3.0.3","3.0.2","3.0.1","3.0.0","2.4.2","2.4.1","2.4.0","2.3.2","2.3.1","2.3.0","2.2.9","2.2.8","2.2.7","2.2.6","2.2.5","2.2.4","2.2.3","2.2.2","2.2.1","2.2.0","2.1.2","2.1.1","2.1.0","2.0.6","2.0.5","2.0.4","2.0.3","2.0.2","2.0.1","2.0.0","1.2.0","1.2.0-beta.1-0","1.2.0-beta.3","1.2.0-beta.2","1.1.3","1.1.2","1.1.1","1.1.0","1.0.24","1.0.23","1.0.21","1.0.20","1.0.19","1.0.18","1.0.17","1.0.15","1.0.15-3","1.0.15-2","1.0.14","1.0.13","1.0.12","1.0.11","1.0.10","1.0.10-2","1.0.5","1.0.4","1.0.3","1.0.2","1.0.1","1.0.1-npm","0.6.22","0.6.21","0.6.19","0.6.17","0.6.16","0.6.15","0.6.14","0.6.11","0.6.10","0.6.9","0.6.8","0.6.7","0.6.6","0.6.5","0.6.4","0.6.3","0.6.2","0.6.1","0.6.0","0.5.4","0.5.3","0.5.2","0.5.1","0.5.0","0.0.0"]
46 error If you need help, you may report this error at:
46 error     <https://github.com/npm/npm/issues>
47 verbose exit [ 1, true ]
